-------------------------------------------------------------------------------
Test set: asd.test.RunTest
-------------------------------------------------------------------------------
<<<<<<< HEAD
<<<<<<< HEAD
<<<<<<< HEAD
Tests run: 5, Failures: 0, Errors: 0, Skipped: 0, Time elapsed: 75.291 sec - in asd.test.RunTest
=======
Tests run: 5, Failures: 0, Errors: 0, Skipped: 0, Time elapsed: 71.027 sec - in asd.test.RunTest
>>>>>>> parent of 77e3107... Modifies transfer balance acceptance test
=======
Tests run: 5, Failures: 0, Errors: 0, Skipped: 0, Time elapsed: 71.027 sec - in asd.test.RunTest
>>>>>>> parent of 77e3107... Modifies transfer balance acceptance test
=======
Tests run: 5, Failures: 0, Errors: 0, Skipped: 0, Time elapsed: 71.027 sec - in asd.test.RunTest
>>>>>>> parent of 77e3107... Modifies transfer balance acceptance test
